iso.3.6.1.2.1.1.1.0 = STRING: "BPS2000"
iso.3.6.1.2.1.1.2.0 = STRING: "BPS2000"
iso.3.6.1.2.1.1.3.0 = Timeticks: (3464) 0:00:34.64
iso.3.6.1.2.1.1.4.0 = STRING: "BKT Elektronik"
iso.3.6.1.2.1.1.5.0 = STRING: "BPS2000"
iso.3.6.1.2.1.1.6.0 = STRING: "BKT ELEKTRONIK 69 Lochowska Str., 86-005 Biale Blota"
iso.3.6.1.2.1.1.7.0 = INTEGER: 4
iso.3.6.1.2.1.2.1.0 = INTEGER: 1
iso.3.6.1.2.1.2.2.1.1.1 = INTEGER: 1
iso.3.6.1.2.1.2.2.1.2.1 = STRING: "eth0"
iso.3.6.1.2.1.2.2.1.3.1 = INTEGER: 6
iso.3.6.1.2.1.2.2.1.4.1 = INTEGER: 1500
iso.3.6.1.2.1.2.2.1.5.1 = Gauge32: 100000000
iso.3.6.1.2.1.2.2.1.6.1 = Hex-STRING: 00 14 97 01 61 71 
iso.3.6.1.2.1.2.2.1.7.1 = INTEGER: 1
iso.3.6.1.2.1.2.2.1.8.1 = INTEGER: 1
iso.3.6.1.2.1.2.2.1.9.1 = Timeticks: (257) 0:00:02.57
iso.3.6.1.2.1.2.2.1.10.1 = Counter32: 19101
iso.3.6.1.2.1.2.2.1.11.1 = Counter32: 100
iso.3.6.1.2.1.2.2.1.12.1 = Counter32: 86
iso.3.6.1.2.1.2.2.1.13.1 = Counter32: 4
iso.3.6.1.2.1.2.2.1.14.1 = Counter32: 0
iso.3.6.1.2.1.2.2.1.15.1 = Counter32: 0
iso.3.6.1.2.1.2.2.1.16.1 = Counter32: 39604
iso.3.6.1.2.1.2.2.1.17.1 = Counter32: 105
iso.3.6.1.2.1.2.2.1.18.1 = Counter32: 6
iso.3.6.1.2.1.2.2.1.19.1 = Counter32: 0
iso.3.6.1.2.1.2.2.1.20.1 = Counter32: 0
iso.3.6.1.2.1.2.2.1.21.1 = Gauge32: 0
iso.3.6.1.2.1.2.2.1.22.1 = OID: ccitt.0
iso.3.6.1.2.1.4.1.0 = INTEGER: 2
iso.3.6.1.2.1.4.2.0 = INTEGER: 64
iso.3.6.1.2.1.4.3.0 = Counter32: 126
iso.3.6.1.2.1.4.4.0 = Counter32: 0
iso.3.6.1.2.1.4.5.0 = Counter32: 1
iso.3.6.1.2.1.4.6.0 = Counter32: 0
iso.3.6.1.2.1.4.7.0 = Counter32: 0
iso.3.6.1.2.1.4.8.0 = Counter32: 0
iso.3.6.1.2.1.4.9.0 = Counter32: 131
iso.3.6.1.2.1.4.10.0 = Counter32: 123
iso.3.6.1.2.1.4.11.0 = Counter32: 0
iso.3.6.1.2.1.4.12.0 = Counter32: 0
iso.3.6.1.2.1.4.13.0 = INTEGER: 15
iso.3.6.1.2.1.4.14.0 = Counter32: 0
iso.3.6.1.2.1.4.15.0 = Counter32: 0
iso.3.6.1.2.1.4.16.0 = Counter32: 0
iso.3.6.1.2.1.4.17.0 = Counter32: 0
iso.3.6.1.2.1.4.18.0 = Counter32: 0
iso.3.6.1.2.1.4.19.0 = Counter32: 0
iso.3.6.1.2.1.4.20.1.1.192.168.1.59 = IpAddress: 192.168.1.59
iso.3.6.1.2.1.4.20.1.2.192.168.1.59 = INTEGER: 1
iso.3.6.1.2.1.4.20.1.3.192.168.1.59 = IpAddress: 255.255.255.0
iso.3.6.1.2.1.4.20.1.4.192.168.1.59 = INTEGER: 1
iso.3.6.1.2.1.4.20.1.5.192.168.1.59 = INTEGER: 8192
iso.3.6.1.2.1.4.22.1.1.1.192.168.1.27 = INTEGER: 1
iso.3.6.1.2.1.4.22.1.1.1.192.168.1.243 = INTEGER: 1
iso.3.6.1.2.1.4.22.1.2.1.192.168.1.27 = Hex-STRING: E4 42 A6 A5 93 85 
iso.3.6.1.2.1.4.22.1.2.1.192.168.1.243 = Hex-STRING: 38 87 D5 67 DB E9 
iso.3.6.1.2.1.4.22.1.3.1.192.168.1.27 = IpAddress: 192.168.1.27
iso.3.6.1.2.1.4.22.1.3.1.192.168.1.243 = IpAddress: 192.168.1.243
iso.3.6.1.2.1.4.22.1.4.1.192.168.1.27 = INTEGER: 3
iso.3.6.1.2.1.4.22.1.4.1.192.168.1.243 = INTEGER: 3
iso.3.6.1.2.1.4.23.0 = Counter32: 0
iso.3.6.1.2.1.5.1.0 = Counter32: 0
iso.3.6.1.2.1.5.2.0 = Counter32: 0
iso.3.6.1.2.1.5.3.0 = Counter32: 0
iso.3.6.1.2.1.5.4.0 = Counter32: 0
iso.3.6.1.2.1.5.5.0 = Counter32: 0
iso.3.6.1.2.1.5.6.0 = Counter32: 0
iso.3.6.1.2.1.5.7.0 = Counter32: 0
iso.3.6.1.2.1.5.8.0 = Counter32: 0
iso.3.6.1.2.1.5.9.0 = Counter32: 0
iso.3.6.1.2.1.5.10.0 = Counter32: 0
iso.3.6.1.2.1.5.11.0 = Counter32: 0
iso.3.6.1.2.1.5.12.0 = Counter32: 0
iso.3.6.1.2.1.5.13.0 = Counter32: 0
iso.3.6.1.2.1.5.14.0 = Counter32: 0
iso.3.6.1.2.1.5.15.0 = Counter32: 0
iso.3.6.1.2.1.5.16.0 = Counter32: 0
iso.3.6.1.2.1.5.17.0 = Counter32: 0
iso.3.6.1.2.1.5.18.0 = Counter32: 0
iso.3.6.1.2.1.5.19.0 = Counter32: 0
iso.3.6.1.2.1.5.20.0 = Counter32: 0
iso.3.6.1.2.1.5.21.0 = Counter32: 0
iso.3.6.1.2.1.5.22.0 = Counter32: 0
iso.3.6.1.2.1.5.23.0 = Counter32: 0
iso.3.6.1.2.1.5.24.0 = Counter32: 0
iso.3.6.1.2.1.5.25.0 = Counter32: 0
iso.3.6.1.2.1.5.26.0 = Counter32: 0
iso.3.6.1.2.1.6.1.0 = INTEGER: 4
iso.3.6.1.2.1.6.2.0 = INTEGER: 1000
iso.3.6.1.2.1.6.3.0 = INTEGER: 60000
iso.3.6.1.2.1.6.4.0 = INTEGER: 32
iso.3.6.1.2.1.6.5.0 = Counter32: 0
iso.3.6.1.2.1.6.6.0 = Counter32: 6
iso.3.6.1.2.1.6.7.0 = Counter32: 2
iso.3.6.1.2.1.6.8.0 = Counter32: 0
iso.3.6.1.2.1.6.9.0 = Gauge32: 1
iso.3.6.1.2.1.6.10.0 = Counter32: 55
iso.3.6.1.2.1.6.11.0 = Counter32: 56
iso.3.6.1.2.1.6.12.0 = Counter32: 2
iso.3.6.1.2.1.6.13.1.1.0.0.0.0.80.0.0.0.0.0 = INTEGER: 2
iso.3.6.1.2.1.6.13.1.1.192.168.1.59.80.192.168.1.243.40872 = INTEGER: 5
iso.3.6.1.2.1.6.13.1.2.0.0.0.0.80.0.0.0.0.0 = IpAddress: 0.0.0.0
iso.3.6.1.2.1.6.13.1.2.192.168.1.59.80.192.168.1.243.40872 = IpAddress: 192.168.1.59
iso.3.6.1.2.1.6.13.1.3.0.0.0.0.80.0.0.0.0.0 = INTEGER: 80
iso.3.6.1.2.1.6.13.1.3.192.168.1.59.80.192.168.1.243.40872 = INTEGER: 80
iso.3.6.1.2.1.6.13.1.4.0.0.0.0.80.0.0.0.0.0 = IpAddress: 0.0.0.0
iso.3.6.1.2.1.6.13.1.4.192.168.1.59.80.192.168.1.243.40872 = IpAddress: 192.168.1.243
iso.3.6.1.2.1.6.13.1.5.0.0.0.0.80.0.0.0.0.0 = INTEGER: 0
iso.3.6.1.2.1.6.13.1.5.192.168.1.59.80.192.168.1.243.40872 = INTEGER: 40872
iso.3.6.1.2.1.6.14.0 = Counter32: 0
iso.3.6.1.2.1.6.15.0 = Counter32: 0
iso.3.6.1.2.1.7.1.0 = Counter32: 142
iso.3.6.1.2.1.7.2.0 = Counter32: 9
iso.3.6.1.2.1.7.3.0 = Counter32: 0
iso.3.6.1.2.1.7.4.0 = Counter32: 142
iso.3.6.1.2.1.7.5.1.1.0.0.0.0.68 = IpAddress: 0.0.0.0
iso.3.6.1.2.1.7.5.1.1.0.0.0.0.137 = IpAddress: 0.0.0.0
iso.3.6.1.2.1.7.5.1.1.0.0.0.0.161 = IpAddress: 0.0.0.0
iso.3.6.1.2.1.7.5.1.2.0.0.0.0.68 = INTEGER: 68
iso.3.6.1.2.1.7.5.1.2.0.0.0.0.137 = INTEGER: 137
iso.3.6.1.2.1.7.5.1.2.0.0.0.0.161 = INTEGER: 161
iso.3.6.1.2.1.11.1.0 = Counter32: 147
iso.3.6.1.2.1.11.2.0 = Counter32: 147
iso.3.6.1.2.1.11.3.0 = Counter32: 0
iso.3.6.1.2.1.11.4.0 = Counter32: 0
iso.3.6.1.2.1.11.5.0 = Counter32: 0
iso.3.6.1.2.1.11.6.0 = Counter32: 0
iso.3.6.1.2.1.11.8.0 = Counter32: 0
iso.3.6.1.2.1.11.9.0 = Counter32: 0
iso.3.6.1.2.1.11.10.0 = Counter32: 0
iso.3.6.1.2.1.11.11.0 = Counter32: 0
iso.3.6.1.2.1.11.12.0 = Counter32: 0
iso.3.6.1.2.1.11.13.0 = Counter32: 157
iso.3.6.1.2.1.11.14.0 = Counter32: 0
iso.3.6.1.2.1.11.15.0 = Counter32: 23
iso.3.6.1.2.1.11.16.0 = Counter32: 138
iso.3.6.1.2.1.11.17.0 = Counter32: 0
iso.3.6.1.2.1.11.18.0 = Counter32: 0
iso.3.6.1.2.1.11.19.0 = Counter32: 0
iso.3.6.1.2.1.11.20.0 = Counter32: 0
iso.3.6.1.2.1.11.21.0 = Counter32: 0
iso.3.6.1.2.1.11.22.0 = Counter32: 0
iso.3.6.1.2.1.11.24.0 = Counter32: 0
iso.3.6.1.2.1.11.25.0 = Counter32: 0
iso.3.6.1.2.1.11.26.0 = Counter32: 0
iso.3.6.1.2.1.11.27.0 = Counter32: 0
iso.3.6.1.2.1.11.28.0 = Counter32: 171
iso.3.6.1.2.1.11.29.0 = Counter32: 0
iso.3.6.1.2.1.11.30.0 = INTEGER: 0
iso.3.6.1.4.1.23273.3.1.1.1.1.0 = STRING: "APDU"
iso.3.6.1.4.1.23273.3.1.1.1.2.0 = STRING: "IV"
iso.3.6.1.4.1.23273.3.1.1.1.3.0 = STRING: "24"
iso.3.6.1.4.1.23273.3.1.1.1.4.0 = STRING: "00-14-97-01-61-71"
iso.3.6.1.4.1.23273.3.1.1.2.1.0 = STRING: "0.0"
iso.3.6.1.4.1.23273.3.1.1.2.2.0 = STRING: "0.00"
iso.3.6.1.4.1.23273.3.1.1.2.3.0 = STRING: "0.0"
iso.3.6.1.4.1.23273.3.1.1.2.4.0 = STRING: "0.00"
iso.3.6.1.4.1.23273.3.1.1.2.5.0 = STRING: "0.0"
iso.3.6.1.4.1.23273.3.1.1.2.6.0 = STRING: "1700"
iso.3.6.1.4.1.23273.3.1.1.2.7.0 = STRING: "2760"
iso.3.6.1.4.1.23273.3.1.1.2.8.0 = STRING: "0"
iso.3.6.1.4.1.23273.3.1.1.2.9.0 = STRING: "630"
iso.3.6.1.4.1.23273.3.1.1.3.1.0 = STRING: "0.0"
iso.3.6.1.4.1.23273.3.1.1.3.2.0 = STRING: "0.00"
iso.3.6.1.4.1.23273.3.1.1.3.3.0 = STRING: "0.0"
iso.3.6.1.4.1.23273.3.1.1.3.4.0 = STRING: "0.00"
iso.3.6.1.4.1.23273.3.1.1.3.5.0 = STRING: "0.0"
iso.3.6.1.4.1.23273.3.1.1.3.6.0 = STRING: "1700"
iso.3.6.1.4.1.23273.3.1.1.3.7.0 = STRING: "2760"
iso.3.6.1.4.1.23273.3.1.1.3.8.0 = STRING: "0"
iso.3.6.1.4.1.23273.3.1.1.3.9.0 = STRING: "630"
iso.3.6.1.4.1.23273.3.1.1.4.1.0 = STRING: "0.0"
iso.3.6.1.4.1.23273.3.1.1.4.2.0 = STRING: "0.00"
iso.3.6.1.4.1.23273.3.1.1.4.3.0 = STRING: "0.0"
iso.3.6.1.4.1.23273.3.1.1.4.4.0 = STRING: "0.00"
iso.3.6.1.4.1.23273.3.1.1.4.5.0 = STRING: "0.0"
iso.3.6.1.4.1.23273.3.1.1.4.6.0 = STRING: "1700"
iso.3.6.1.4.1.23273.3.1.1.4.7.0 = STRING: "2760"
iso.3.6.1.4.1.23273.3.1.1.4.8.0 = STRING: "0"
iso.3.6.1.4.1.23273.3.1.1.4.9.0 = STRING: "630"
iso.3.6.1.4.1.23273.3.1.1.5.1.0 = STRING: "output1"
iso.3.6.1.4.1.23273.3.1.1.5.2.0 = STRING: "output2"
iso.3.6.1.4.1.23273.3.1.1.5.3.0 = STRING: "output3"
iso.3.6.1.4.1.23273.3.1.1.5.4.0 = STRING: "output4"
iso.3.6.1.4.1.23273.3.1.1.5.5.0 = STRING: "output5"
iso.3.6.1.4.1.23273.3.1.1.5.6.0 = STRING: "output6"
iso.3.6.1.4.1.23273.3.1.1.5.7.0 = STRING: "output7"
iso.3.6.1.4.1.23273.3.1.1.5.8.0 = STRING: "output8"
iso.3.6.1.4.1.23273.3.1.1.5.9.0 = STRING: "output9"
iso.3.6.1.4.1.23273.3.1.1.5.10.0 = STRING: "output10"
iso.3.6.1.4.1.23273.3.1.1.5.11.0 = STRING: "output11"
iso.3.6.1.4.1.23273.3.1.1.5.12.0 = STRING: "output12"
iso.3.6.1.4.1.23273.3.1.1.5.13.0 = STRING: "output13"
iso.3.6.1.4.1.23273.3.1.1.5.14.0 = STRING: "output14"
iso.3.6.1.4.1.23273.3.1.1.5.15.0 = STRING: "output15"
iso.3.6.1.4.1.23273.3.1.1.5.16.0 = STRING: "output16"
iso.3.6.1.4.1.23273.3.1.1.5.17.0 = STRING: "output17"
iso.3.6.1.4.1.23273.3.1.1.5.18.0 = STRING: "output18"
iso.3.6.1.4.1.23273.3.1.1.5.19.0 = STRING: "output19"
iso.3.6.1.4.1.23273.3.1.1.5.20.0 = STRING: "output20"
iso.3.6.1.4.1.23273.3.1.1.5.21.0 = STRING: "output21"
iso.3.6.1.4.1.23273.3.1.1.5.22.0 = STRING: "output22"
iso.3.6.1.4.1.23273.3.1.1.5.23.0 = STRING: "output23"
iso.3.6.1.4.1.23273.3.1.1.5.24.0 = STRING: "output24"
iso.3.6.1.4.1.23273.3.1.1.6.1.0 = STRING: "--"
iso.3.6.1.4.1.23273.3.1.1.6.2.0 = STRING: "--"
iso.3.6.1.4.1.23273.3.1.1.6.3.0 = STRING: "--"
iso.3.6.1.4.1.23273.3.1.1.6.4.0 = STRING: "--"
iso.3.6.1.4.1.23273.3.1.1.6.5.0 = STRING: "--"
iso.3.6.1.4.1.23273.3.1.1.6.6.0 = STRING: "--"
iso.3.6.1.4.1.23273.3.1.1.6.7.0 = STRING: "--"
iso.3.6.1.4.1.23273.3.1.1.6.8.0 = STRING: "--"
iso.3.6.1.4.1.23273.3.1.1.6.9.0 = STRING: "--"
iso.3.6.1.4.1.23273.3.1.1.6.10.0 = STRING: "--"
iso.3.6.1.4.1.23273.3.1.1.6.11.0 = STRING: "--"
iso.3.6.1.4.1.23273.3.1.1.6.12.0 = STRING: "--"
iso.3.6.1.4.1.23273.3.1.1.6.13.0 = STRING: "--"
iso.3.6.1.4.1.23273.3.1.1.6.14.0 = STRING: "--"
iso.3.6.1.4.1.23273.3.1.1.6.15.0 = STRING: "--"
iso.3.6.1.4.1.23273.3.1.1.6.16.0 = STRING: "--"
iso.3.6.1.4.1.23273.3.1.1.6.17.0 = STRING: "--"
iso.3.6.1.4.1.23273.3.1.1.6.18.0 = STRING: "--"
iso.3.6.1.4.1.23273.3.1.1.6.19.0 = STRING: "--"
iso.3.6.1.4.1.23273.3.1.1.6.20.0 = STRING: "--"
iso.3.6.1.4.1.23273.3.1.1.6.21.0 = STRING: "--"
iso.3.6.1.4.1.23273.3.1.1.6.22.0 = STRING: "--"
iso.3.6.1.4.1.23273.3.1.1.6.23.0 = STRING: "--"
iso.3.6.1.4.1.23273.3.1.1.6.24.0 = STRING: "--"
iso.3.6.1.4.1.23273.3.1.1.7.1.0 = STRING: "0.0"
iso.3.6.1.4.1.23273.3.1.1.7.2.0 = STRING: "0.0"
iso.3.6.1.4.1.23273.3.1.1.7.3.0 = STRING: "0.0"
iso.3.6.1.4.1.23273.3.1.1.7.4.0 = STRING: "0.0"
iso.3.6.1.4.1.23273.3.1.1.7.5.0 = STRING: "0.0"
iso.3.6.1.4.1.23273.3.1.1.7.6.0 = STRING: "0.0"
iso.3.6.1.4.1.23273.3.1.1.7.7.0 = STRING: "0.0"
iso.3.6.1.4.1.23273.3.1.1.7.8.0 = STRING: "0.0"
iso.3.6.1.4.1.23273.3.1.1.7.9.0 = STRING: "0.0"
iso.3.6.1.4.1.23273.3.1.1.7.10.0 = STRING: "0.0"
iso.3.6.1.4.1.23273.3.1.1.7.11.0 = STRING: "0.0"
iso.3.6.1.4.1.23273.3.1.1.7.12.0 = STRING: "0.0"
iso.3.6.1.4.1.23273.3.1.1.7.13.0 = STRING: "0.0"
iso.3.6.1.4.1.23273.3.1.1.7.14.0 = STRING: "0.0"
iso.3.6.1.4.1.23273.3.1.1.7.15.0 = STRING: "0.0"
iso.3.6.1.4.1.23273.3.1.1.7.16.0 = STRING: "0.0"
iso.3.6.1.4.1.23273.3.1.1.7.17.0 = STRING: "0.0"
iso.3.6.1.4.1.23273.3.1.1.7.18.0 = STRING: "0.0"
iso.3.6.1.4.1.23273.3.1.1.7.19.0 = STRING: "0.0"
iso.3.6.1.4.1.23273.3.1.1.7.20.0 = STRING: "0.0"
iso.3.6.1.4.1.23273.3.1.1.7.21.0 = STRING: "0.0"
iso.3.6.1.4.1.23273.3.1.1.7.22.0 = STRING: "0.0"
iso.3.6.1.4.1.23273.3.1.1.7.23.0 = STRING: "0.0"
iso.3.6.1.4.1.23273.3.1.1.7.24.0 = STRING: "0.0"
iso.3.6.1.4.1.23273.3.1.1.8.1.0 = STRING: "0"
iso.3.6.1.4.1.23273.3.1.1.8.2.0 = STRING: "0"
iso.3.6.1.4.1.23273.3.1.1.8.3.0 = STRING: "0"
iso.3.6.1.4.1.23273.3.1.1.8.4.0 = STRING: "0"
iso.3.6.1.4.1.23273.3.1.1.8.5.0 = STRING: "0"
iso.3.6.1.4.1.23273.3.1.1.8.6.0 = STRING: "0"
iso.3.6.1.4.1.23273.3.1.1.8.7.0 = STRING: "0"
iso.3.6.1.4.1.23273.3.1.1.8.8.0 = STRING: "0"
iso.3.6.1.4.1.23273.3.1.1.8.9.0 = STRING: "0"
iso.3.6.1.4.1.23273.3.1.1.8.10.0 = STRING: "0"
iso.3.6.1.4.1.23273.3.1.1.8.11.0 = STRING: "0"
iso.3.6.1.4.1.23273.3.1.1.8.12.0 = STRING: "0"
iso.3.6.1.4.1.23273.3.1.1.8.13.0 = STRING: "0"
iso.3.6.1.4.1.23273.3.1.1.8.14.0 = STRING: "0"
iso.3.6.1.4.1.23273.3.1.1.8.15.0 = STRING: "0"
iso.3.6.1.4.1.23273.3.1.1.8.16.0 = STRING: "0"
iso.3.6.1.4.1.23273.3.1.1.8.17.0 = STRING: "0"
iso.3.6.1.4.1.23273.3.1.1.8.18.0 = STRING: "0"
iso.3.6.1.4.1.23273.3.1.1.8.19.0 = STRING: "0"
iso.3.6.1.4.1.23273.3.1.1.8.20.0 = STRING: "0"
iso.3.6.1.4.1.23273.3.1.1.8.21.0 = STRING: "0"
iso.3.6.1.4.1.23273.3.1.1.8.22.0 = STRING: "0"
iso.3.6.1.4.1.23273.3.1.1.8.23.0 = STRING: "0"
iso.3.6.1.4.1.23273.3.1.1.8.24.0 = STRING: "0"
iso.3.6.1.4.1.23273.3.1.1.9.1.0 = STRING: "160"
iso.3.6.1.4.1.23273.3.1.1.9.2.0 = STRING: "160"
iso.3.6.1.4.1.23273.3.1.1.9.3.0 = STRING: "160"
iso.3.6.1.4.1.23273.3.1.1.9.4.0 = STRING: "160"
iso.3.6.1.4.1.23273.3.1.1.9.5.0 = STRING: "160"
iso.3.6.1.4.1.23273.3.1.1.9.6.0 = STRING: "160"
iso.3.6.1.4.1.23273.3.1.1.9.7.0 = STRING: "160"
iso.3.6.1.4.1.23273.3.1.1.9.8.0 = STRING: "160"
iso.3.6.1.4.1.23273.3.1.1.9.9.0 = STRING: "160"
iso.3.6.1.4.1.23273.3.1.1.9.10.0 = STRING: "160"
iso.3.6.1.4.1.23273.3.1.1.9.11.0 = STRING: "160"
iso.3.6.1.4.1.23273.3.1.1.9.12.0 = STRING: "160"
iso.3.6.1.4.1.23273.3.1.1.9.13.0 = STRING: "160"
iso.3.6.1.4.1.23273.3.1.1.9.14.0 = STRING: "160"
iso.3.6.1.4.1.23273.3.1.1.9.15.0 = STRING: "160"
iso.3.6.1.4.1.23273.3.1.1.9.16.0 = STRING: "160"
iso.3.6.1.4.1.23273.3.1.1.9.17.0 = STRING: "160"
iso.3.6.1.4.1.23273.3.1.1.9.18.0 = STRING: "160"
iso.3.6.1.4.1.23273.3.1.1.9.19.0 = STRING: "160"
iso.3.6.1.4.1.23273.3.1.1.9.20.0 = STRING: "160"
iso.3.6.1.4.1.23273.3.1.1.9.21.0 = STRING: "160"
iso.3.6.1.4.1.23273.3.1.1.9.22.0 = STRING: "160"
iso.3.6.1.4.1.23273.3.1.1.9.23.0 = STRING: "160"
iso.3.6.1.4.1.23273.3.1.1.9.24.0 = STRING: "160"
iso.3.6.1.4.1.23273.3.1.1.10.1.0 = STRING: "0"
iso.3.6.1.4.1.23273.3.1.1.10.2.0 = STRING: "0"
iso.3.6.1.4.1.23273.3.1.1.10.3.0 = STRING: "0"
iso.3.6.1.4.1.23273.3.1.1.10.4.0 = STRING: "0"
iso.3.6.1.4.1.23273.3.1.1.10.5.0 = STRING: "0"
iso.3.6.1.4.1.23273.3.1.1.10.6.0 = STRING: "0"
iso.3.6.1.4.1.23273.3.1.1.10.7.0 = STRING: "0"
iso.3.6.1.4.1.23273.3.1.1.10.8.0 = STRING: "0"
iso.3.6.1.4.1.23273.3.1.1.10.9.0 = STRING: "0"
iso.3.6.1.4.1.23273.3.1.1.10.10.0 = STRING: "0"
iso.3.6.1.4.1.23273.3.1.1.10.11.0 = STRING: "0"
iso.3.6.1.4.1.23273.3.1.1.10.12.0 = STRING: "0"
iso.3.6.1.4.1.23273.3.1.1.10.13.0 = STRING: "0"
iso.3.6.1.4.1.23273.3.1.1.10.14.0 = STRING: "0"
iso.3.6.1.4.1.23273.3.1.1.10.15.0 = STRING: "0"
iso.3.6.1.4.1.23273.3.1.1.10.16.0 = STRING: "0"
iso.3.6.1.4.1.23273.3.1.1.10.17.0 = STRING: "0"
iso.3.6.1.4.1.23273.3.1.1.10.18.0 = STRING: "0"
iso.3.6.1.4.1.23273.3.1.1.10.19.0 = STRING: "0"
iso.3.6.1.4.1.23273.3.1.1.10.20.0 = STRING: "0"
iso.3.6.1.4.1.23273.3.1.1.10.21.0 = STRING: "0"
iso.3.6.1.4.1.23273.3.1.1.10.22.0 = STRING: "0"
iso.3.6.1.4.1.23273.3.1.1.10.23.0 = STRING: "0"
iso.3.6.1.4.1.23273.3.1.1.10.24.0 = STRING: "0"
iso.3.6.1.4.1.23273.3.1.1.11.1.0 = STRING: "0"
iso.3.6.1.4.1.23273.3.1.1.11.2.0 = STRING: "0"
iso.3.6.1.4.1.23273.3.1.1.11.3.0 = STRING: "--"
iso.3.6.1.4.1.23273.3.1.1.11.4.0 = STRING: "--"
iso.3.6.1.4.1.23273.3.1.1.11.5.0 = STRING: "28788"
iso.3.6.1.4.1.23273.3.1.1.11.6.0 = STRING: "0"
iso.3.6.1.4.1.23273.3.1.1.11.7.0 = STRING: "--"
iso.3.6.1.4.1.23273.3.1.1.11.8.0 = STRING: "--"
iso.3.6.1.4.1.23273.3.1.1.12.1.0 = STRING: "0"
iso.3.6.1.4.1.23273.3.1.1.12.2.0 = STRING: "0"
